2026-02-19 11:28:16,506 [Worker-2: Loading available Gradle versions] INFO  o.e.b.c.i.u.g.PublishedGradleVersions - Gradle version information cache is up-to-date. Trying to read.
2026-02-19 11:29:08,210 [Worker-11: Launching mavenrun-b63cb13e-d67a-49e5-ac88-ea0a543d2f84] INFO  o.eclipse.m2e.core.internal.Bundles - getClasspathEntries(Bundle=org.eclipse.m2e.maven.runtime_3.9.400.20230826-0755 [295])
2026-02-19 11:29:08,213 [Worker-11: Launching mavenrun-b63cb13e-d67a-49e5-ac88-ea0a543d2f84] INFO  o.eclipse.m2e.core.internal.Bundles - 	Entry: C:\Users\vishw\.p2\pool\plugins\org.eclipse.m2e.maven.runtime_3.9.400.20230826-0755
2026-02-19 11:29:08,214 [Worker-11: Launching mavenrun-b63cb13e-d67a-49e5-ac88-ea0a543d2f84] INFO  o.eclipse.m2e.core.internal.Bundles - 	Entry: C:\Users\vishw\.p2\pool\plugins\org.eclipse.m2e.maven.runtime_3.9.400.20230826-0755\jars\aether-connector-okhttp-0.17.8.jar
2026-02-19 11:29:08,214 [Worker-11: Launching mavenrun-b63cb13e-d67a-49e5-ac88-ea0a543d2f84] INFO  o.eclipse.m2e.core.internal.Bundles - 	Entry: C:\Users\vishw\.p2\pool\plugins\org.eclipse.m2e.maven.runtime_3.9.400.20230826-0755\jars\aopalliance-1.0.jar
2026-02-19 11:29:08,214 [Worker-11: Launching mavenrun-b63cb13e-d67a-49e5-ac88-ea0a543d2f84] INFO  o.eclipse.m2e.core.internal.Bundles - 	Entry: C:\Users\vishw\.p2\pool\plugins\org.eclipse.m2e.maven.runtime_3.9.400.20230826-0755\jars\commons-lang3-3.12.0.jar
2026-02-19 11:29:08,214 [Worker-11: Launching mavenrun-b63cb13e-d67a-49e5-ac88-ea0a543d2f84] INFO  o.eclipse.m2e.core.internal.Bundles - 	Entry: C:\Users\vishw\.p2\pool\plugins\org.eclipse.m2e.maven.runtime_3.9.400.20230826-0755\jars\guice-5.1.0.jar
2026-02-19 11:29:08,215 [Worker-11: Launching mavenrun-b63cb13e-d67a-49e5-ac88-ea0a543d2f84] INFO  o.eclipse.m2e.core.internal.Bundles - 	Entry: C:\Users\vishw\.p2\pool\plugins\org.eclipse.m2e.maven.runtime_3.9.400.20230826-0755\jars\jansi-2.4.0.jar
2026-02-19 11:29:08,215 [Worker-11: Launching mavenrun-b63cb13e-d67a-49e5-ac88-ea0a543d2f84] INFO  o.eclipse.m2e.core.internal.Bundles - 	Entry: C:\Users\vishw\.p2\pool\plugins\org.eclipse.m2e.maven.runtime_3.9.400.20230826-0755\jars\maven-artifact-3.9.4.jar
2026-02-19 11:29:08,215 [Worker-11: Launching mavenrun-b63cb13e-d67a-49e5-ac88-ea0a543d2f84] INFO  o.eclipse.m2e.core.internal.Bundles - 	Entry: C:\Users\vishw\.p2\pool\plugins\org.eclipse.m2e.maven.runtime_3.9.400.20230826-0755\jars\maven-builder-support-3.9.4.jar
2026-02-19 11:29:08,215 [Worker-11: Launching mavenrun-b63cb13e-d67a-49e5-ac88-ea0a543d2f84] INFO  o.eclipse.m2e.core.internal.Bundles - 	Entry: C:\Users\vishw\.p2\pool\plugins\org.eclipse.m2e.maven.runtime_3.9.400.20230826-0755\jars\maven-compat-3.9.4.jar
2026-02-19 11:29:08,215 [Worker-11: Launching mavenrun-b63cb13e-d67a-49e5-ac88-ea0a543d2f84] INFO  o.eclipse.m2e.core.internal.Bundles - 	Entry: C:\Users\vishw\.p2\pool\plugins\org.eclipse.m2e.maven.runtime_3.9.400.20230826-0755\jars\maven-core-3.9.4.jar
2026-02-19 11:29:08,215 [Worker-11: Launching mavenrun-b63cb13e-d67a-49e5-ac88-ea0a543d2f84] INFO  o.eclipse.m2e.core.internal.Bundles - 	Entry: C:\Users\vishw\.p2\pool\plugins\org.eclipse.m2e.maven.runtime_3.9.400.20230826-0755\jars\maven-embedder-3.9.4.jar
2026-02-19 11:29:08,215 [Worker-11: Launching mavenrun-b63cb13e-d67a-49e5-ac88-ea0a543d2f84] INFO  o.eclipse.m2e.core.internal.Bundles - 	Entry: C:\Users\vishw\.p2\pool\plugins\org.eclipse.m2e.maven.runtime_3.9.400.20230826-0755\jars\maven-model-3.9.4.jar
2026-02-19 11:29:08,215 [Worker-11: Launching mavenrun-b63cb13e-d67a-49e5-ac88-ea0a543d2f84] INFO  o.eclipse.m2e.core.internal.Bundles - 	Entry: C:\Users\vishw\.p2\pool\plugins\org.eclipse.m2e.maven.runtime_3.9.400.20230826-0755\jars\maven-model-builder-3.9.4.jar
2026-02-19 11:29:08,215 [Worker-11: Launching mavenrun-b63cb13e-d67a-49e5-ac88-ea0a543d2f84] INFO  o.eclipse.m2e.core.internal.Bundles - 	Entry: C:\Users\vishw\.p2\pool\plugins\org.eclipse.m2e.maven.runtime_3.9.400.20230826-0755\jars\maven-plugin-api-3.9.4.jar
2026-02-19 11:29:08,215 [Worker-11: Launching mavenrun-b63cb13e-d67a-49e5-ac88-ea0a543d2f84] INFO  o.eclipse.m2e.core.internal.Bundles - 	Entry: C:\Users\vishw\.p2\pool\plugins\org.eclipse.m2e.maven.runtime_3.9.400.20230826-0755\jars\maven-repository-metadata-3.9.4.jar
2026-02-19 11:29:08,215 [Worker-11: Launching mavenrun-b63cb13e-d67a-49e5-ac88-ea0a543d2f84] INFO  o.eclipse.m2e.core.internal.Bundles - 	Entry: C:\Users\vishw\.p2\pool\plugins\org.eclipse.m2e.maven.runtime_3.9.400.20230826-0755\jars\maven-resolver-api-1.9.14.jar
2026-02-19 11:29:08,216 [Worker-11: Launching mavenrun-b63cb13e-d67a-49e5-ac88-ea0a543d2f84] INFO  o.eclipse.m2e.core.internal.Bundles - 	Entry: C:\Users\vishw\.p2\pool\plugins\org.eclipse.m2e.maven.runtime_3.9.400.20230826-0755\jars\maven-resolver-connector-basic-1.9.14.jar
2026-02-19 11:29:08,216 [Worker-11: Launching mavenrun-b63cb13e-d67a-49e5-ac88-ea0a543d2f84] INFO  o.eclipse.m2e.core.internal.Bundles - 	Entry: C:\Users\vishw\.p2\pool\plugins\org.eclipse.m2e.maven.runtime_3.9.400.20230826-0755\jars\maven-resolver-impl-1.9.14.jar
2026-02-19 11:29:08,216 [Worker-11: Launching mavenrun-b63cb13e-d67a-49e5-ac88-ea0a543d2f84] INFO  o.eclipse.m2e.core.internal.Bundles - 	Entry: C:\Users\vishw\.p2\pool\plugins\org.eclipse.m2e.maven.runtime_3.9.400.20230826-0755\jars\maven-resolver-named-locks-1.9.14.jar
2026-02-19 11:29:08,216 [Worker-11: Launching mavenrun-b63cb13e-d67a-49e5-ac88-ea0a543d2f84] INFO  o.eclipse.m2e.core.internal.Bundles - 	Entry: C:\Users\vishw\.p2\pool\plugins\org.eclipse.m2e.maven.runtime_3.9.400.20230826-0755\jars\maven-resolver-provider-3.9.4.jar
2026-02-19 11:29:08,216 [Worker-11: Launching mavenrun-b63cb13e-d67a-49e5-ac88-ea0a543d2f84] INFO  o.eclipse.m2e.core.internal.Bundles - 	Entry: C:\Users\vishw\.p2\pool\plugins\org.eclipse.m2e.maven.runtime_3.9.400.20230826-0755\jars\maven-resolver-spi-1.9.14.jar
2026-02-19 11:29:08,216 [Worker-11: Launching mavenrun-b63cb13e-d67a-49e5-ac88-ea0a543d2f84] INFO  o.eclipse.m2e.core.internal.Bundles - 	Entry: C:\Users\vishw\.p2\pool\plugins\org.eclipse.m2e.maven.runtime_3.9.400.20230826-0755\jars\maven-resolver-transport-wagon-1.9.14.jar
2026-02-19 11:29:08,216 [Worker-11: Launching mavenrun-b63cb13e-d67a-49e5-ac88-ea0a543d2f84] INFO  o.eclipse.m2e.core.internal.Bundles - 	Entry: C:\Users\vishw\.p2\pool\plugins\org.eclipse.m2e.maven.runtime_3.9.400.20230826-0755\jars\maven-resolver-util-1.9.14.jar
2026-02-19 11:29:08,216 [Worker-11: Launching mavenrun-b63cb13e-d67a-49e5-ac88-ea0a543d2f84] INFO  o.eclipse.m2e.core.internal.Bundles - 	Entry: C:\Users\vishw\.p2\pool\plugins\org.eclipse.m2e.maven.runtime_3.9.400.20230826-0755\jars\maven-settings-3.9.4.jar
2026-02-19 11:29:08,216 [Worker-11: Launching mavenrun-b63cb13e-d67a-49e5-ac88-ea0a543d2f84] INFO  o.eclipse.m2e.core.internal.Bundles - 	Entry: C:\Users\vishw\.p2\pool\plugins\org.eclipse.m2e.maven.runtime_3.9.400.20230826-0755\jars\maven-settings-builder-3.9.4.jar
2026-02-19 11:29:08,216 [Worker-11: Launching mavenrun-b63cb13e-d67a-49e5-ac88-ea0a543d2f84] INFO  o.eclipse.m2e.core.internal.Bundles - 	Entry: C:\Users\vishw\.p2\pool\plugins\org.eclipse.m2e.maven.runtime_3.9.400.20230826-0755\jars\maven-shared-utils-3.3.4.jar
2026-02-19 11:29:08,217 [Worker-11: Launching mavenrun-b63cb13e-d67a-49e5-ac88-ea0a543d2f84] INFO  o.eclipse.m2e.core.internal.Bundles - 	Entry: C:\Users\vishw\.p2\pool\plugins\org.eclipse.m2e.maven.runtime_3.9.400.20230826-0755\jars\okhttp-3.14.1.jar
2026-02-19 11:29:08,217 [Worker-11: Launching mavenrun-b63cb13e-d67a-49e5-ac88-ea0a543d2f84] INFO  o.eclipse.m2e.core.internal.Bundles - 	Entry: C:\Users\vishw\.p2\pool\plugins\org.eclipse.m2e.maven.runtime_3.9.400.20230826-0755\jars\okio-1.17.3.jar
2026-02-19 11:29:08,217 [Worker-11: Launching mavenrun-b63cb13e-d67a-49e5-ac88-ea0a543d2f84] INFO  o.eclipse.m2e.core.internal.Bundles - 	Entry: C:\Users\vishw\.p2\pool\plugins\org.eclipse.m2e.maven.runtime_3.9.400.20230826-0755\jars\org.eclipse.sisu.inject-0.3.5.jar
2026-02-19 11:29:08,217 [Worker-11: Launching mavenrun-b63cb13e-d67a-49e5-ac88-ea0a543d2f84] INFO  o.eclipse.m2e.core.internal.Bundles - 	Entry: C:\Users\vishw\.p2\pool\plugins\org.eclipse.m2e.maven.runtime_3.9.400.20230826-0755\jars\org.eclipse.sisu.plexus-0.3.5.jar
2026-02-19 11:29:08,217 [Worker-11: Launching mavenrun-b63cb13e-d67a-49e5-ac88-ea0a543d2f84] INFO  o.eclipse.m2e.core.internal.Bundles - 	Entry: C:\Users\vishw\.p2\pool\plugins\org.eclipse.m2e.maven.runtime_3.9.400.20230826-0755\jars\plexus-build-api-0.0.7.jar
2026-02-19 11:29:08,217 [Worker-11: Launching mavenrun-b63cb13e-d67a-49e5-ac88-ea0a543d2f84] INFO  o.eclipse.m2e.core.internal.Bundles - 	Entry: C:\Users\vishw\.p2\pool\plugins\org.eclipse.m2e.maven.runtime_3.9.400.20230826-0755\jars\plexus-cipher-2.0.jar
2026-02-19 11:29:08,217 [Worker-11: Launching mavenrun-b63cb13e-d67a-49e5-ac88-ea0a543d2f84] INFO  o.eclipse.m2e.core.internal.Bundles - 	Entry: C:\Users\vishw\.p2\pool\plugins\org.eclipse.m2e.maven.runtime_3.9.400.20230826-0755\jars\plexus-classworlds-2.7.0.jar
2026-02-19 11:29:08,217 [Worker-11: Launching mavenrun-b63cb13e-d67a-49e5-ac88-ea0a543d2f84] INFO  o.eclipse.m2e.core.internal.Bundles - 	Entry: C:\Users\vishw\.p2\pool\plugins\org.eclipse.m2e.maven.runtime_3.9.400.20230826-0755\jars\plexus-component-annotations-2.1.0.jar
2026-02-19 11:29:08,217 [Worker-11: Launching mavenrun-b63cb13e-d67a-49e5-ac88-ea0a543d2f84] INFO  o.eclipse.m2e.core.internal.Bundles - 	Entry: C:\Users\vishw\.p2\pool\plugins\org.eclipse.m2e.maven.runtime_3.9.400.20230826-0755\jars\plexus-interpolation-1.26.jar
2026-02-19 11:29:08,218 [Worker-11: Launching mavenrun-b63cb13e-d67a-49e5-ac88-ea0a543d2f84] INFO  o.eclipse.m2e.core.internal.Bundles - 	Entry: C:\Users\vishw\.p2\pool\plugins\org.eclipse.m2e.maven.runtime_3.9.400.20230826-0755\jars\plexus-sec-dispatcher-2.0.jar
2026-02-19 11:29:08,218 [Worker-11: Launching mavenrun-b63cb13e-d67a-49e5-ac88-ea0a543d2f84] INFO  o.eclipse.m2e.core.internal.Bundles - 	Entry: C:\Users\vishw\.p2\pool\plugins\org.eclipse.m2e.maven.runtime_3.9.400.20230826-0755\jars\plexus-utils-3.5.1.jar
2026-02-19 11:29:08,218 [Worker-11: Launching mavenrun-b63cb13e-d67a-49e5-ac88-ea0a543d2f84] INFO  o.eclipse.m2e.core.internal.Bundles - 	Entry: C:\Users\vishw\.p2\pool\plugins\org.eclipse.m2e.maven.runtime_3.9.400.20230826-0755\jars\wagon-file-3.5.3.jar
2026-02-19 11:29:08,218 [Worker-11: Launching mavenrun-b63cb13e-d67a-49e5-ac88-ea0a543d2f84] INFO  o.eclipse.m2e.core.internal.Bundles - 	Entry: C:\Users\vishw\.p2\pool\plugins\org.eclipse.m2e.maven.runtime_3.9.400.20230826-0755\jars\wagon-provider-api-3.5.3.jar
2026-02-19 11:29:08,220 [Worker-11: Launching mavenrun-b63cb13e-d67a-49e5-ac88-ea0a543d2f84] INFO  o.eclipse.m2e.core.internal.Bundles - getClasspathEntries(Bundle=com.google.guava_32.1.2.jre [10])
2026-02-19 11:29:08,220 [Worker-11: Launching mavenrun-b63cb13e-d67a-49e5-ac88-ea0a543d2f84] INFO  o.eclipse.m2e.core.internal.Bundles - 	Entry: C:\Users\vishw\.p2\pool\plugins\com.google.guava_32.1.2.jre.jar
2026-02-19 11:29:08,220 [Worker-11: Launching mavenrun-b63cb13e-d67a-49e5-ac88-ea0a543d2f84] INFO  o.eclipse.m2e.core.internal.Bundles - getClasspathEntries(Bundle=slf4j.api_2.0.9 [516])
2026-02-19 11:29:08,221 [Worker-11: Launching mavenrun-b63cb13e-d67a-49e5-ac88-ea0a543d2f84] INFO  o.eclipse.m2e.core.internal.Bundles - 	Entry: C:\Users\vishw\.p2\pool\plugins\slf4j.api_2.0.9.jar
2026-02-19 11:29:08,221 [Worker-11: Launching mavenrun-b63cb13e-d67a-49e5-ac88-ea0a543d2f84] INFO  o.eclipse.m2e.core.internal.Bundles - getClasspathEntries(Bundle=javax.inject_1.0.0.v20220405-0441 [26])
2026-02-19 11:29:08,222 [Worker-11: Launching mavenrun-b63cb13e-d67a-49e5-ac88-ea0a543d2f84] INFO  o.eclipse.m2e.core.internal.Bundles - 	Entry: C:\Users\vishw\.p2\pool\plugins\javax.inject_1.0.0.v20220405-0441.jar
2026-02-19 11:29:08,222 [Worker-11: Launching mavenrun-b63cb13e-d67a-49e5-ac88-ea0a543d2f84] INFO  o.eclipse.m2e.core.internal.Bundles - getClasspathEntries(Bundle=javax.annotation_1.3.5.v20200909-1856 [24])
2026-02-19 11:29:08,222 [Worker-11: Launching mavenrun-b63cb13e-d67a-49e5-ac88-ea0a543d2f84] INFO  o.eclipse.m2e.core.internal.Bundles - 	Entry: C:\Users\vishw\.p2\pool\plugins\javax.annotation_1.3.5.v20200909-1856.jar
2026-02-19 11:29:08,222 [Worker-11: Launching mavenrun-b63cb13e-d67a-49e5-ac88-ea0a543d2f84] INFO  o.eclipse.m2e.core.internal.Bundles - getClasspathEntries(Bundle=org.apache.commons.cli_1.5.0 [49])
2026-02-19 11:29:08,223 [Worker-11: Launching mavenrun-b63cb13e-d67a-49e5-ac88-ea0a543d2f84] INFO  o.eclipse.m2e.core.internal.Bundles - 	Entry: C:\Users\vishw\.p2\pool\plugins\org.apache.commons.cli_1.5.0.jar
2026-02-19 11:29:08,223 [Worker-11: Launching mavenrun-b63cb13e-d67a-49e5-ac88-ea0a543d2f84] INFO  o.eclipse.m2e.core.internal.Bundles - getClasspathEntries(Bundle=com.google.guava.failureaccess_1.0.1 [12])
2026-02-19 11:29:08,223 [Worker-11: Launching mavenrun-b63cb13e-d67a-49e5-ac88-ea0a543d2f84] INFO  o.eclipse.m2e.core.internal.Bundles - 	Entry: C:\Users\vishw\.p2\pool\plugins\com.google.guava.failureaccess_1.0.1.jar
2026-02-19 11:29:08,231 [Worker-11: Launching mavenrun-b63cb13e-d67a-49e5-ac88-ea0a543d2f84] INFO  o.e.m.i.launch.MavenLaunchDelegate - Run build in "C:\Users\vishw\AppData\Local\Temp\m2e-archetypeGenerator7827189440081564952":
2026-02-19 11:29:08,233 [Worker-11: Launching mavenrun-b63cb13e-d67a-49e5-ac88-ea0a543d2f84] INFO  o.e.m.i.launch.MavenLaunchDelegate -  mvn  -DarchetypeGroupId=com.github.ywchang -DarchetypeArtifactId=maven-archetype-quickstart -DarchetypeVersion=1.1 -DgroupId=com -DartifactId=QuantityMeasurementApp -Dversion=0.0.1-SNAPSHOT -Dpackage=com.QuantityMeasurementApp -DoutputDirectory=D:\QuantityMeasurementApp -Dstyle.color=always -U archetype:generate
2026-02-19 11:29:14,829 [Worker-29: Creating maven-archetype-quickstart] INFO  o.e.m.c.i.p.ProjectConfigurationManager - Collecting project info '/pom.xml' D:\QuantityMeasurementApp\QuantityMeasurementApp\pom.xml
2026-02-19 11:29:15,395 [Worker-29: Creating maven-archetype-quickstart] INFO  o.e.m.c.i.l.LifecycleMappingFactory - Using org.eclipse.m2e.jdt.JarLifecycleMapping lifecycle mapping for MavenProject: com:QuantityMeasurementApp:0.0.1-SNAPSHOT @ D:\QuantityMeasurementApp\QuantityMeasurementApp\pom.xml.
2026-02-19 11:29:15,997 [Worker-29: Creating maven-archetype-quickstart] INFO  o.e.m.j.i.AbstractJavaProjectConfigurator - Adding source folder /QuantityMeasurementApp/src/main/java
2026-02-19 11:29:15,998 [Worker-29: Creating maven-archetype-quickstart] INFO  o.e.m.j.i.AbstractJavaProjectConfigurator - Adding resource folder /QuantityMeasurementApp/src/main/resources
2026-02-19 11:29:16,003 [Worker-29: Creating maven-archetype-quickstart] INFO  o.e.m.j.i.AbstractJavaProjectConfigurator - Adding source folder /QuantityMeasurementApp/src/test/java
2026-02-19 11:29:16,003 [Worker-29: Creating maven-archetype-quickstart] INFO  o.e.m.j.i.AbstractJavaProjectConfigurator - Adding resource folder /QuantityMeasurementApp/src/test/resources
2026-02-19 11:29:16,099 [Worker-29: Creating maven-archetype-quickstart] INFO  o.e.m.c.i.p.ProjectConfigurationManager - Imported and configured 1 project(s) in 1 sec
2026-02-19 11:29:17,137 [Worker-12: Building] INFO  o.a.m.s.f.DefaultMavenResourcesFiltering - skip non existing resourceDirectory D:\QuantityMeasurementApp\QuantityMeasurementApp\src\main\resources
2026-02-19 11:29:17,141 [Worker-12: Building] INFO  o.a.m.s.f.DefaultMavenResourcesFiltering - skip non existing resourceDirectory D:\QuantityMeasurementApp\QuantityMeasurementApp\src\test\resources
2026-02-19 11:30:03,650 [Worker-30: Building] INFO  o.a.m.s.f.DefaultMavenResourcesFiltering - skip non existing resourceDirectory D:\QuantityMeasurementApp\QuantityMeasurementApp\src\main\resources
2026-02-19 11:30:03,652 [Worker-30: Building] INFO  o.a.m.s.f.DefaultMavenResourcesFiltering - skip non existing resourceDirectory D:\QuantityMeasurementApp\QuantityMeasurementApp\src\test\resources
2026-02-19 11:39:34,044 [Worker-15: Building] INFO  o.a.m.s.f.DefaultMavenResourcesFiltering - skip non existing resourceDirectory D:\QuantityMeasurementApp\QuantityMeasurementApp\src\main\resources
2026-02-19 11:39:34,047 [Worker-15: Building] INFO  o.a.m.s.f.DefaultMavenResourcesFiltering - skip non existing resourceDirectory D:\QuantityMeasurementApp\QuantityMeasurementApp\src\test\resources
2026-02-19 11:40:48,020 [Worker-22: Building] INFO  o.a.m.s.f.DefaultMavenResourcesFiltering - skip non existing resourceDirectory D:\QuantityMeasurementApp\QuantityMeasurementApp\src\main\resources
2026-02-19 11:40:48,021 [Worker-22: Building] INFO  o.a.m.s.f.DefaultMavenResourcesFiltering - skip non existing resourceDirectory D:\QuantityMeasurementApp\QuantityMeasurementApp\src\test\resources
2026-02-19 11:47:47,278 [Worker-19: Building] INFO  o.a.m.s.f.DefaultMavenResourcesFiltering - skip non existing resourceDirectory D:\QuantityMeasurementApp\QuantityMeasurementApp\src\main\resources
2026-02-19 11:47:47,282 [Worker-19: Building] INFO  o.a.m.s.f.DefaultMavenResourcesFiltering - skip non existing resourceDirectory D:\QuantityMeasurementApp\QuantityMeasurementApp\src\test\resources
2026-02-19 11:53:01,976 [Worker-22: Building] INFO  o.a.m.s.f.DefaultMavenResourcesFiltering - skip non existing resourceDirectory D:\QuantityMeasurementApp\QuantityMeasurementApp\src\main\resources
2026-02-19 11:53:01,978 [Worker-22: Building] INFO  o.a.m.s.f.DefaultMavenResourcesFiltering - skip non existing resourceDirectory D:\QuantityMeasurementApp\QuantityMeasurementApp\src\test\resources
2026-02-19 11:53:13,291 [Worker-15: Building] INFO  o.a.m.s.f.DefaultMavenResourcesFiltering - skip non existing resourceDirectory D:\QuantityMeasurementApp\QuantityMeasurementApp\src\main\resources
2026-02-19 11:53:13,293 [Worker-15: Building] INFO  o.a.m.s.f.DefaultMavenResourcesFiltering - skip non existing resourceDirectory D:\QuantityMeasurementApp\QuantityMeasurementApp\src\test\resources
2026-02-19 11:54:11,749 [Worker-15: Building] INFO  o.a.m.s.f.DefaultMavenResourcesFiltering - skip non existing resourceDirectory D:\QuantityMeasurementApp\QuantityMeasurementApp\src\main\resources
2026-02-19 11:54:11,752 [Worker-15: Building] INFO  o.a.m.s.f.DefaultMavenResourcesFiltering - skip non existing resourceDirectory D:\QuantityMeasurementApp\QuantityMeasurementApp\src\test\resources
2026-02-19 11:54:15,483 [Worker-9: Building] INFO  o.a.m.s.f.DefaultMavenResourcesFiltering - skip non existing resourceDirectory D:\QuantityMeasurementApp\QuantityMeasurementApp\src\main\resources
2026-02-19 11:54:15,487 [Worker-9: Building] INFO  o.a.m.s.f.DefaultMavenResourcesFiltering - skip non existing resourceDirectory D:\QuantityMeasurementApp\QuantityMeasurementApp\src\test\resources
2026-02-19 12:03:19,477 [Worker-22: Launching Length] INFO  o.e.m.c.i.l.LifecycleMappingFactory - Using org.eclipse.m2e.jdt.JarLifecycleMapping lifecycle mapping for MavenProject: com:QuantityMeasurementApp:0.0.1-SNAPSHOT @ D:\QuantityMeasurementApp\QuantityMeasurementApp\pom.xml.
2026-02-19 12:03:19,742 [Worker-22: Launching Length] INFO  o.a.m.s.f.DefaultMavenResourcesFiltering - skip non existing resourceDirectory D:\QuantityMeasurementApp\QuantityMeasurementApp\src\main\resources
2026-02-19 12:03:19,746 [Worker-22: Launching Length] INFO  o.a.m.s.f.DefaultMavenResourcesFiltering - skip non existing resourceDirectory D:\QuantityMeasurementApp\QuantityMeasurementApp\src\test\resources
2026-02-19 12:03:20,797 [Worker-32: Download sources and javadoc] INFO  o.e.m.c.i.e.AbstractTransferListenerAdapter - Downloading https://repo.maven.apache.org/maven2/org/junit/jupiter/junit-jupiter-api/6.1.0-M1/junit-jupiter-api-6.1.0-M1-sources.jar
2026-02-19 12:03:20,889 [Worker-32: Download sources and javadoc] INFO  o.e.m.c.i.e.AbstractTransferListenerAdapter - Downloaded https://repo.maven.apache.org/maven2/org/junit/jupiter/junit-jupiter-api/6.1.0-M1/junit-jupiter-api-6.1.0-M1-sources.jar
2026-02-19 12:03:20,898 [Worker-32: Download sources and javadoc] INFO  o.e.m.j.internal.DownloadSourcesJob - Downloaded sources for org.junit.jupiter:junit-jupiter-api:6.1.0-M1
2026-02-19 12:03:21,086 [Worker-32: Download sources and javadoc] INFO  o.e.m.c.i.e.AbstractTransferListenerAdapter - Downloading https://repo.maven.apache.org/maven2/org/junit/platform/junit-platform-commons/6.1.0-M1/junit-platform-commons-6.1.0-M1-sources.jar
2026-02-19 12:03:21,174 [Worker-32: Download sources and javadoc] INFO  o.e.m.c.i.e.AbstractTransferListenerAdapter - Downloaded https://repo.maven.apache.org/maven2/org/junit/platform/junit-platform-commons/6.1.0-M1/junit-platform-commons-6.1.0-M1-sources.jar
2026-02-19 12:03:21,178 [Worker-32: Download sources and javadoc] INFO  o.e.m.j.internal.DownloadSourcesJob - Downloaded sources for org.junit.platform:junit-platform-commons:6.1.0-M1
2026-02-19 12:06:19,719 [Worker-32: Launching Length] INFO  o.a.m.s.f.DefaultMavenResourcesFiltering - skip non existing resourceDirectory D:\QuantityMeasurementApp\QuantityMeasurementApp\src\main\resources
2026-02-19 12:06:19,722 [Worker-32: Launching Length] INFO  o.a.m.s.f.DefaultMavenResourcesFiltering - skip non existing resourceDirectory D:\QuantityMeasurementApp\QuantityMeasurementApp\src\test\resources
2026-02-19 12:17:24,594 [Worker-32: Building] INFO  o.a.m.s.f.DefaultMavenResourcesFiltering - skip non existing resourceDirectory D:\QuantityMeasurementApp\QuantityMeasurementApp\src\main\resources
2026-02-19 12:17:24,611 [Worker-32: Building] INFO  o.a.m.s.f.DefaultMavenResourcesFiltering - skip non existing resourceDirectory D:\QuantityMeasurementApp\QuantityMeasurementApp\src\test\resources
2026-02-19 12:27:05,018 [Worker-33: Building] INFO  o.a.m.s.f.DefaultMavenResourcesFiltering - skip non existing resourceDirectory D:\QuantityMeasurementApp\QuantityMeasurementApp\src\main\resources
2026-02-19 12:27:05,022 [Worker-33: Building] INFO  o.a.m.s.f.DefaultMavenResourcesFiltering - skip non existing resourceDirectory D:\QuantityMeasurementApp\QuantityMeasurementApp\src\test\resources
2026-02-19 12:28:57,954 [Worker-37: Building] INFO  o.a.m.s.f.DefaultMavenResourcesFiltering - skip non existing resourceDirectory D:\QuantityMeasurementApp\QuantityMeasurementApp\src\main\resources
2026-02-19 12:28:57,956 [Worker-37: Building] INFO  o.a.m.s.f.DefaultMavenResourcesFiltering - skip non existing resourceDirectory D:\QuantityMeasurementApp\QuantityMeasurementApp\src\test\resources
2026-02-19 12:29:17,661 [Worker-33: Building] INFO  o.a.m.s.f.DefaultMavenResourcesFiltering - skip non existing resourceDirectory D:\QuantityMeasurementApp\QuantityMeasurementApp\src\main\resources
2026-02-19 12:29:17,662 [Worker-33: Building] INFO  o.a.m.s.f.DefaultMavenResourcesFiltering - skip non existing resourceDirectory D:\QuantityMeasurementApp\QuantityMeasurementApp\src\test\resources
2026-02-19 12:31:48,336 [Worker-34: Building] INFO  o.a.m.s.f.DefaultMavenResourcesFiltering - skip non existing resourceDirectory D:\QuantityMeasurementApp\QuantityMeasurementApp\src\main\resources
2026-02-19 12:31:48,337 [Worker-34: Building] INFO  o.a.m.s.f.DefaultMavenResourcesFiltering - skip non existing resourceDirectory D:\QuantityMeasurementApp\QuantityMeasurementApp\src\test\resources
2026-02-19 12:31:59,010 [Worker-33: Building] INFO  o.a.m.s.f.DefaultMavenResourcesFiltering - skip non existing resourceDirectory D:\QuantityMeasurementApp\QuantityMeasurementApp\src\main\resources
2026-02-19 12:31:59,012 [Worker-33: Building] INFO  o.a.m.s.f.DefaultMavenResourcesFiltering - skip non existing resourceDirectory D:\QuantityMeasurementApp\QuantityMeasurementApp\src\test\resources
2026-02-19 12:32:29,596 [Worker-36: Building] INFO  o.a.m.s.f.DefaultMavenResourcesFiltering - skip non existing resourceDirectory D:\QuantityMeasurementApp\QuantityMeasurementApp\src\main\resources
2026-02-19 12:32:29,598 [Worker-36: Building] INFO  o.a.m.s.f.DefaultMavenResourcesFiltering - skip non existing resourceDirectory D:\QuantityMeasurementApp\QuantityMeasurementApp\src\test\resources
2026-02-19 12:33:12,436 [Worker-37: Building] INFO  o.a.m.s.f.DefaultMavenResourcesFiltering - skip non existing resourceDirectory D:\QuantityMeasurementApp\QuantityMeasurementApp\src\main\resources
2026-02-19 12:33:12,439 [Worker-37: Building] INFO  o.a.m.s.f.DefaultMavenResourcesFiltering - skip non existing resourceDirectory D:\QuantityMeasurementApp\QuantityMeasurementApp\src\test\resources
2026-02-19 14:21:40,294 [Worker-44: Building] INFO  o.a.m.s.f.DefaultMavenResourcesFiltering - skip non existing resourceDirectory D:\QuantityMeasurementApp\QuantityMeasurementApp\src\main\resources
2026-02-19 14:21:40,312 [Worker-44: Building] INFO  o.a.m.s.f.DefaultMavenResourcesFiltering - skip non existing resourceDirectory D:\QuantityMeasurementApp\QuantityMeasurementApp\src\test\resources
